0 info it worked if it ends with ok
1 verbose cli [ 'E:\\C-ProgramFiles\\nodejs\\node.exe',
1 verbose cli   'E:\\C-ProgramFiles\\nodejs\\node_modules\\npm\\bin\\npm-cli.js',
1 verbose cli   'start' ]
2 info using npm@3.10.8
3 info using node@v6.9.1
4 verbose run-script [ 'prestart', 'start', 'poststart' ]
5 info lifecycle electronus@1.0.0~prestart: electronus@1.0.0
6 silly lifecycle electronus@1.0.0~prestart: no script for prestart, continuing
7 info lifecycle electronus@1.0.0~start: electronus@1.0.0
8 verbose lifecycle electronus@1.0.0~start: unsafe-perm in lifecycle true
9 verbose lifecycle electronus@1.0.0~start: PATH: E:\C-ProgramFiles\nodejs\node_modules\npm\bin\node-gyp-bin;E:\Electronus\Gittesting\Electron\node_modules\.bin;C:\Program Files (x86)\Common Files\Microsoft Shared\Windows Live;C:\ProgramData\Oracle\Java\javapath;C:\Windows\system32;C:\Windows;C:\Windows\System32\Wbem;C:\Windows\System32\WindowsPowerShell\v1.0\;E:\C-ProgramFiles\Microsoft Network Monitor 3\;E:\BountyTube2015\wamp\WampInstall\bin\php\php5.5.12;E:\BountyTube2015\wamp\php;C:\ProgramData\ComposerSetup\bin;E:\BountyTube2015\XAMP\php;E:\C-ProgramFilesx86\Git\cmd;F:\mettestleb\runtime\win64;F:\mettestleb\bin;F:\mettestleb\polyspace\bin;C:\Program Files (x86)\GtkSharp\2.12\bin;C:\Program Files (x86)\NVIDIA Corporation\PhysX\Common;C:\Program Files (x86)\Windows Kits\8.1\Windows Performance Toolkit\;C:\Program Files (x86)\Skype\Phone\;E:\C-ProgramFiles\nodejs\;E:\bracketcoder\command;C:\Program Files\Common Files\Microsoft Shared\Windows Live;E:\PortmapNMap\Nmap;C:\Users\manoj\AppData\Roaming\npm
10 verbose lifecycle electronus@1.0.0~start: CWD: E:\Electronus\Gittesting\Electron
11 silly lifecycle electronus@1.0.0~start: Args: [ '/d /s /c', 'electron .' ]
12 silly lifecycle electronus@1.0.0~start: Returned: code: 3221225786  signal: null
13 info lifecycle electronus@1.0.0~start: Failed to exec start script
14 verbose stack Error: electronus@1.0.0 start: `electron .`
14 verbose stack Exit status 3221225786
14 verbose stack     at EventEmitter.<anonymous> (E:\C-ProgramFiles\nodejs\node_modules\npm\lib\utils\lifecycle.js:255:16)
14 verbose stack     at emitTwo (events.js:106:13)
14 verbose stack     at EventEmitter.emit (events.js:191:7)
14 verbose stack     at ChildProcess.<anonymous> (E:\C-ProgramFiles\nodejs\node_modules\npm\lib\utils\spawn.js:40:14)
14 verbose stack     at emitTwo (events.js:106:13)
14 verbose stack     at ChildProcess.emit (events.js:191:7)
14 verbose stack     at maybeClose (internal/child_process.js:877:16)
14 verbose stack     at Process.ChildProcess._handle.onexit (internal/child_process.js:226:5)
15 verbose pkgid electronus@1.0.0
16 verbose cwd E:\Electronus\Gittesting\Electron
17 error Windows_NT 6.1.7601
18 error argv "E:\\C-ProgramFiles\\nodejs\\node.exe" "E:\\C-ProgramFiles\\nodejs\\node_modules\\npm\\bin\\npm-cli.js" "start"
19 error node v6.9.1
20 error npm  v3.10.8
21 error code ELIFECYCLE
22 error electronus@1.0.0 start: `electron .`
22 error Exit status 3221225786
23 error Failed at the electronus@1.0.0 start script 'electron .'.
23 error Make sure you have the latest version of node.js and npm installed.
23 error If you do, this is most likely a problem with the electronus package,
23 error not with npm itself.
23 error Tell the author that this fails on your system:
23 error     electron .
23 error You can get information on how to open an issue for this project with:
23 error     npm bugs electronus
23 error Or if that isn't available, you can get their info via:
23 error     npm owner ls electronus
23 error There is likely additional logging output above.
24 verbose exit [ 1, true ]
